<?xml version="1.0" encoding="UTF-8"?>
<!-- Generated by org.testng.reporters.JUnitReportReporter -->
<testsuite hostname="DESKTOP-MUC01SU" failures="0" tests="13" name="homeWorkTestNG" time="1.021" errors="0" timestamp="2021-06-14T16:43:58 EDT" skipped="0">
  <testcase classname="homeWorkTestNG" name="SetHomeValue" time="0.061"/>
  <system-out/>
  <testcase classname="homeWorkTestNG" name="SetDownPayment" time="0.047"/>
  <system-out/>
  <testcase classname="homeWorkTestNG" name="SetLoanAmount" time="0.042"/>
  <system-out/>
  <testcase classname="homeWorkTestNG" name="SetInterestRate" time="0.048"/>
  <system-out/>
  <testcase classname="homeWorkTestNG" name="SetLoanTerm" time="0.055"/>
  <system-out/>
  <testcase classname="homeWorkTestNG" name="SetStartDate" time="0.084"/>
  <system-out/>
  <testcase classname="homeWorkTestNG" name="SetPropertyTax" time="0.048"/>
  <system-out/>
  <testcase classname="homeWorkTestNG" name="SetPMI" time="0.046"/>
  <system-out/>
  <testcase classname="homeWorkTestNG" name="SetHomeIns" time="0.050"/>
  <system-out/>
  <testcase classname="homeWorkTestNG" name="SetMonthlyHOA" time="0.043"/>
  <system-out/>
  <testcase classname="homeWorkTestNG" name="SetLoanType" time="0.058"/>
  <system-out/>
  <testcase classname="homeWorkTestNG" name="SetBuyOrRefi" time="0.052"/>
  <system-out/>
  <testcase classname="homeWorkTestNG" name="ClickCalculate" time="0.387"/>
  <system-out/>
</testsuite> <!-- homeWorkTestNG -->
