<?xml version="1.0" encoding="UTF-8"?>
<!-- Generated by org.testng.reporters.JUnitReportReporter -->
<testsuite hostname="DESKTOP-MUC01SU" failures="0" tests="3" name="FacebookTestNG" time="0.307" errors="0" timestamp="2021-06-14T16:43:58 EDT" skipped="0">
  <testcase classname="FacebookTestNG" name="ClickCreatAccout" time="0.046"/>
  <system-out/>
  <testcase classname="FacebookTestNG" name="SetFirstName" time="0.206"/>
  <system-out/>
  <testcase classname="FacebookTestNG" name="SetLastName" time="0.055"/>
  <system-out/>
</testsuite> <!-- FacebookTestNG -->
