<?xml version="1.0" encoding="UTF-8"?>
<!-- Generated by org.testng.reporters.JUnitReportReporter -->
<testsuite hostname="DESKTOP-MUC01SU" failures="0" tests="3" name="testNG1" time="0.004" errors="0" timestamp="2021-06-05T15:09:50 EDT" skipped="0">
  <testcase classname="testNG1" name="LogIn" time="0.003"/>
  <system-out/>
  <testcase classname="testNG1" name="ChangeDob" time="0.001"/>
  <system-out/>
  <testcase classname="testNG1" name="OpenWebsite" time="0.000"/>
  <system-out/>
</testsuite> <!-- testNG1 -->
